c:\users\pmurgai\desktop\quarter-1\256a\of_v0.9.6_vs_release\examples\empty\emptyexample\obj\debug\ofxassimpmeshhelper.obj
c:\users\pmurgai\desktop\quarter-1\256a\of_v0.9.6_vs_release\examples\empty\emptyexample\obj\debug\ofxassimptexture.obj
c:\users\pmurgai\desktop\quarter-1\256a\of_v0.9.6_vs_release\examples\empty\emptyexample\obj\debug\ofxfftlive.obj
c:\users\pmurgai\desktop\quarter-1\256a\of_v0.9.6_vs_release\examples\empty\emptyexample\obj\debug\delayl.obj
c:\users\pmurgai\desktop\quarter-1\256a\of_v0.9.6_vs_release\examples\empty\emptyexample\obj\debug\fileloop.obj
c:\users\pmurgai\desktop\quarter-1\256a\of_v0.9.6_vs_release\examples\empty\emptyexample\obj\debug\filewvout.obj
c:\users\pmurgai\desktop\quarter-1\256a\of_v0.9.6_vs_release\examples\empty\emptyexample\obj\debug\fmvoices.obj
c:\users\pmurgai\desktop\quarter-1\256a\of_v0.9.6_vs_release\examples\empty\emptyexample\obj\debug\guitar.obj
c:\users\pmurgai\desktop\quarter-1\256a\of_v0.9.6_vs_release\examples\empty\emptyexample\obj\debug\mandolin.obj
c:\users\pmurgai\desktop\quarter-1\256a\of_v0.9.6_vs_release\examples\empty\emptyexample\obj\debug\modalbar.obj
c:\users\pmurgai\desktop\quarter-1\256a\of_v0.9.6_vs_release\examples\empty\emptyexample\obj\debug\moog.obj
c:\users\pmurgai\desktop\quarter-1\256a\of_v0.9.6_vs_release\examples\empty\emptyexample\obj\debug\percflut.obj
c:\users\pmurgai\desktop\quarter-1\256a\of_v0.9.6_vs_release\examples\empty\emptyexample\obj\debug\polezero.obj
c:\users\pmurgai\desktop\quarter-1\256a\of_v0.9.6_vs_release\examples\empty\emptyexample\obj\debug\sampler.obj
c:\users\pmurgai\desktop\quarter-1\256a\of_v0.9.6_vs_release\examples\empty\emptyexample\obj\debug\singwave.obj
c:\users\pmurgai\desktop\quarter-1\256a\of_v0.9.6_vs_release\examples\empty\emptyexample\obj\debug\stifkarp.obj
c:\users\pmurgai\desktop\quarter-1\256a\of_v0.9.6_vs_release\examples\empty\emptyexample\obj\debug\twang.obj
c:\users\pmurgai\desktop\quarter-1\256a\of_v0.9.6_vs_release\examples\empty\emptyexample\obj\debug\voicform.obj
c:\users\pmurgai\desktop\quarter-1\256a\of_v0.9.6_vs_release\examples\empty\emptyexample\obj\debug\ofapp.obj
c:\users\pmurgai\desktop\quarter-1\256a\of_v0.9.6_vs_release\examples\empty\emptyexample\obj\debug\ofxfftfile.obj
c:\users\pmurgai\desktop\quarter-1\256a\of_v0.9.6_vs_release\examples\empty\emptyexample\obj\debug\bandedwg.obj
c:\users\pmurgai\desktop\quarter-1\256a\of_v0.9.6_vs_release\examples\empty\emptyexample\obj\debug\blit.obj
c:\users\pmurgai\desktop\quarter-1\256a\of_v0.9.6_vs_release\examples\empty\emptyexample\obj\debug\blowbotl.obj
c:\users\pmurgai\desktop\quarter-1\256a\of_v0.9.6_vs_release\examples\empty\emptyexample\obj\debug\brass.obj
c:\users\pmurgai\desktop\quarter-1\256a\of_v0.9.6_vs_release\examples\empty\emptyexample\obj\debug\delay.obj
c:\users\pmurgai\desktop\quarter-1\256a\of_v0.9.6_vs_release\examples\empty\emptyexample\obj\debug\echo.obj
c:\users\pmurgai\desktop\quarter-1\256a\of_v0.9.6_vs_release\examples\empty\emptyexample\obj\debug\fileread.obj
c:\users\pmurgai\desktop\quarter-1\256a\of_v0.9.6_vs_release\examples\empty\emptyexample\obj\debug\fir.obj
c:\users\pmurgai\desktop\quarter-1\256a\of_v0.9.6_vs_release\examples\empty\emptyexample\obj\debug\formswep.obj
c:\users\pmurgai\desktop\quarter-1\256a\of_v0.9.6_vs_release\examples\empty\emptyexample\obj\debug\hevymetl.obj
c:\users\pmurgai\desktop\quarter-1\256a\of_v0.9.6_vs_release\examples\empty\emptyexample\obj\debug\mesh2d.obj
c:\users\pmurgai\desktop\quarter-1\256a\of_v0.9.6_vs_release\examples\empty\emptyexample\obj\debug\modal.obj
c:\users\pmurgai\desktop\quarter-1\256a\of_v0.9.6_vs_release\examples\empty\emptyexample\obj\debug\noise.obj
c:\users\pmurgai\desktop\quarter-1\256a\of_v0.9.6_vs_release\examples\empty\emptyexample\obj\debug\onezero.obj
c:\users\pmurgai\desktop\quarter-1\256a\of_v0.9.6_vs_release\examples\empty\emptyexample\obj\debug\plucked.obj
c:\users\pmurgai\desktop\quarter-1\256a\of_v0.9.6_vs_release\examples\empty\emptyexample\obj\debug\rhodey.obj
c:\users\pmurgai\desktop\quarter-1\256a\of_v0.9.6_vs_release\examples\empty\emptyexample\obj\debug\simple.obj
c:\users\pmurgai\desktop\quarter-1\256a\of_v0.9.6_vs_release\examples\empty\emptyexample\obj\debug\skini.obj
c:\users\pmurgai\desktop\quarter-1\256a\of_v0.9.6_vs_release\examples\empty\emptyexample\obj\debug\tubebell.obj
c:\users\pmurgai\desktop\quarter-1\256a\of_v0.9.6_vs_release\examples\empty\emptyexample\obj\debug\voicer.obj
c:\users\pmurgai\desktop\quarter-1\256a\of_v0.9.6_vs_release\examples\empty\emptyexample\obj\debug\main.obj
c:\users\pmurgai\desktop\quarter-1\256a\of_v0.9.6_vs_release\examples\empty\emptyexample\obj\debug\ofxfftbase.obj
c:\users\pmurgai\desktop\quarter-1\256a\of_v0.9.6_vs_release\examples\empty\emptyexample\obj\debug\fft.obj
c:\users\pmurgai\desktop\quarter-1\256a\of_v0.9.6_vs_release\examples\empty\emptyexample\obj\debug\adsr.obj
c:\users\pmurgai\desktop\quarter-1\256a\of_v0.9.6_vs_release\examples\empty\emptyexample\obj\debug\beethree.obj
c:\users\pmurgai\desktop\quarter-1\256a\of_v0.9.6_vs_release\examples\empty\emptyexample\obj\debug\blitsaw.obj
c:\users\pmurgai\desktop\quarter-1\256a\of_v0.9.6_vs_release\examples\empty\emptyexample\obj\debug\blowhole.obj
c:\users\pmurgai\desktop\quarter-1\256a\of_v0.9.6_vs_release\examples\empty\emptyexample\obj\debug\chorus.obj
c:\users\pmurgai\desktop\quarter-1\256a\of_v0.9.6_vs_release\examples\empty\emptyexample\obj\debug\delaya.obj
c:\users\pmurgai\desktop\quarter-1\256a\of_v0.9.6_vs_release\examples\empty\emptyexample\obj\debug\envelope.obj
c:\users\pmurgai\desktop\quarter-1\256a\of_v0.9.6_vs_release\examples\empty\emptyexample\obj\debug\filewvin.obj
c:\users\pmurgai\desktop\quarter-1\256a\of_v0.9.6_vs_release\examples\empty\emptyexample\obj\debug\fm.obj
c:\users\pmurgai\desktop\quarter-1\256a\of_v0.9.6_vs_release\examples\empty\emptyexample\obj\debug\granulate.obj
c:\users\pmurgai\desktop\quarter-1\256a\of_v0.9.6_vs_release\examples\empty\emptyexample\obj\debug\jcrev.obj
c:\users\pmurgai\desktop\quarter-1\256a\of_v0.9.6_vs_release\examples\empty\emptyexample\obj\debug\messager.obj
c:\users\pmurgai\desktop\quarter-1\256a\of_v0.9.6_vs_release\examples\empty\emptyexample\obj\debug\modulate.obj
c:\users\pmurgai\desktop\quarter-1\256a\of_v0.9.6_vs_release\examples\empty\emptyexample\obj\debug\onepole.obj
c:\users\pmurgai\desktop\quarter-1\256a\of_v0.9.6_vs_release\examples\empty\emptyexample\obj\debug\pitshift.obj
c:\users\pmurgai\desktop\quarter-1\256a\of_v0.9.6_vs_release\examples\empty\emptyexample\obj\debug\resonate.obj
c:\users\pmurgai\desktop\quarter-1\256a\of_v0.9.6_vs_release\examples\empty\emptyexample\obj\debug\shakers.obj
c:\users\pmurgai\desktop\quarter-1\256a\of_v0.9.6_vs_release\examples\empty\emptyexample\obj\debug\sitar.obj
c:\users\pmurgai\desktop\quarter-1\256a\of_v0.9.6_vs_release\examples\empty\emptyexample\obj\debug\stk.obj
c:\users\pmurgai\desktop\quarter-1\256a\of_v0.9.6_vs_release\examples\empty\emptyexample\obj\debug\twopole.obj
c:\users\pmurgai\desktop\quarter-1\256a\of_v0.9.6_vs_release\examples\empty\emptyexample\obj\debug\whistle.obj
c:\users\pmurgai\desktop\quarter-1\256a\of_v0.9.6_vs_release\examples\empty\emptyexample\obj\debug\ofxassimpanimation.obj
c:\users\pmurgai\desktop\quarter-1\256a\of_v0.9.6_vs_release\examples\empty\emptyexample\obj\debug\ofxassimpmodelloader.obj
c:\users\pmurgai\desktop\quarter-1\256a\of_v0.9.6_vs_release\examples\empty\emptyexample\obj\debug\asymp.obj
c:\users\pmurgai\desktop\quarter-1\256a\of_v0.9.6_vs_release\examples\empty\emptyexample\obj\debug\biquad.obj
c:\users\pmurgai\desktop\quarter-1\256a\of_v0.9.6_vs_release\examples\empty\emptyexample\obj\debug\blitsquare.obj
c:\users\pmurgai\desktop\quarter-1\256a\of_v0.9.6_vs_release\examples\empty\emptyexample\obj\debug\bowed.obj
c:\users\pmurgai\desktop\quarter-1\256a\of_v0.9.6_vs_release\examples\empty\emptyexample\obj\debug\clarinet.obj
c:\users\pmurgai\desktop\quarter-1\256a\of_v0.9.6_vs_release\examples\empty\emptyexample\obj\debug\drummer.obj
c:\users\pmurgai\desktop\quarter-1\256a\of_v0.9.6_vs_release\examples\empty\emptyexample\obj\debug\filewrite.obj
c:\users\pmurgai\desktop\quarter-1\256a\of_v0.9.6_vs_release\examples\empty\emptyexample\obj\debug\flute.obj
c:\users\pmurgai\desktop\quarter-1\256a\of_v0.9.6_vs_release\examples\empty\emptyexample\obj\debug\freeverb.obj
c:\users\pmurgai\desktop\quarter-1\256a\of_v0.9.6_vs_release\examples\empty\emptyexample\obj\debug\iir.obj
c:\users\pmurgai\desktop\quarter-1\256a\of_v0.9.6_vs_release\examples\empty\emptyexample\obj\debug\lentpitshift.obj
c:\users\pmurgai\desktop\quarter-1\256a\of_v0.9.6_vs_release\examples\empty\emptyexample\obj\debug\midifilein.obj
c:\users\pmurgai\desktop\quarter-1\256a\of_v0.9.6_vs_release\examples\empty\emptyexample\obj\debug\nrev.obj
c:\users\pmurgai\desktop\quarter-1\256a\of_v0.9.6_vs_release\examples\empty\emptyexample\obj\debug\phonemes.obj
c:\users\pmurgai\desktop\quarter-1\256a\of_v0.9.6_vs_release\examples\empty\emptyexample\obj\debug\prcrev.obj
c:\users\pmurgai\desktop\quarter-1\256a\of_v0.9.6_vs_release\examples\empty\emptyexample\obj\debug\saxofony.obj
c:\users\pmurgai\desktop\quarter-1\256a\of_v0.9.6_vs_release\examples\empty\emptyexample\obj\debug\sinewave.obj
c:\users\pmurgai\desktop\quarter-1\256a\of_v0.9.6_vs_release\examples\empty\emptyexample\obj\debug\sphere.obj
c:\users\pmurgai\desktop\quarter-1\256a\of_v0.9.6_vs_release\examples\empty\emptyexample\obj\debug\tapdelay.obj
c:\users\pmurgai\desktop\quarter-1\256a\of_v0.9.6_vs_release\examples\empty\emptyexample\obj\debug\twozero.obj
c:\users\pmurgai\desktop\quarter-1\256a\of_v0.9.6_vs_release\examples\empty\emptyexample\obj\debug\wurley.obj
c:\users\pmurgai\desktop\quarter-1\256a\of_v0.9.6_vs_release\examples\empty\emptyexample\obj\debug\vc140.pdb
c:\users\pmurgai\desktop\quarter-1\256a\of_v0.9.6_vs_release\examples\empty\emptyexample\bin\emptyexample_debug.lib
c:\users\pmurgai\desktop\quarter-1\256a\of_v0.9.6_vs_release\examples\empty\emptyexample\bin\emptyexample_debug.exp
c:\users\pmurgai\desktop\quarter-1\256a\of_v0.9.6_vs_release\examples\empty\emptyexample\bin\emptyexample_debug.ilk
c:\users\pmurgai\desktop\quarter-1\256a\of_v0.9.6_vs_release\examples\empty\emptyexample\bin\emptyexample_debug.exe
c:\users\pmurgai\desktop\quarter-1\256a\of_v0.9.6_vs_release\examples\empty\emptyexample\bin\emptyexample_debug.pdb
c:\users\pmurgai\desktop\quarter-1\256a\of_v0.9.6_vs_release\examples\empty\emptyexample\obj\debug\icon.res
c:\users\pmurgai\desktop\quarter-1\256a\of_v0.9.6_vs_release\examples\empty\emptyexample\obj\debug\emptyexample.tlog\cl.command.1.tlog
c:\users\pmurgai\desktop\quarter-1\256a\of_v0.9.6_vs_release\examples\empty\emptyexample\obj\debug\emptyexample.tlog\cl.read.1.tlog
c:\users\pmurgai\desktop\quarter-1\256a\of_v0.9.6_vs_release\examples\empty\emptyexample\obj\debug\emptyexample.tlog\cl.write.1.tlog
c:\users\pmurgai\desktop\quarter-1\256a\of_v0.9.6_vs_release\examples\empty\emptyexample\obj\debug\emptyexample.tlog\emptyexample.write.1u.tlog
c:\users\pmurgai\desktop\quarter-1\256a\of_v0.9.6_vs_release\examples\empty\emptyexample\obj\debug\emptyexample.tlog\link.command.1.tlog
c:\users\pmurgai\desktop\quarter-1\256a\of_v0.9.6_vs_release\examples\empty\emptyexample\obj\debug\emptyexample.tlog\link.read.1.tlog
c:\users\pmurgai\desktop\quarter-1\256a\of_v0.9.6_vs_release\examples\empty\emptyexample\obj\debug\emptyexample.tlog\link.write.1.tlog
c:\users\pmurgai\desktop\quarter-1\256a\of_v0.9.6_vs_release\examples\empty\emptyexample\obj\debug\emptyexample.tlog\rc.command.1.tlog
c:\users\pmurgai\desktop\quarter-1\256a\of_v0.9.6_vs_release\examples\empty\emptyexample\obj\debug\emptyexample.tlog\rc.read.1.tlog
c:\users\pmurgai\desktop\quarter-1\256a\of_v0.9.6_vs_release\examples\empty\emptyexample\obj\debug\emptyexample.tlog\rc.write.1.tlog
